<?xml version="1.0" encoding="UTF-8"?>
<testsuite name="com.noniboy.struja.domain.validation.ReadingValidatorTest" tests="10" skipped="0" failures="0" errors="0" timestamp="2026-09-11T16:21:19" hostname="MacPro.local" time="0.012">
  <properties/>
  <testcase name="validateDate returns date for valid input" classname="com.noniboy.struja.domain.validation.ReadingValidatorTest" time="0.003"/>
  <testcase name="validateDate accepts date after previous reading" classname="com.noniboy.struja.domain.validation.ReadingValidatorTest" time="0.001"/>
  <testcase name="validateReadings throws for VT lower than previous" classname="com.noniboy.struja.domain.validation.ReadingValidatorTest" time="0.003"/>
  <testcase name="validateDate throws when not after previous reading" classname="com.noniboy.struja.domain.validation.ReadingValidatorTest" time="0.001"/>
  <testcase name="validateDate throws for invalid format" classname="com.noniboy.struja.domain.validation.ReadingValidatorTest" time="0.0"/>
  <testcase name="validateReadings throws for MT lower than previous" classname="com.noniboy.struja.domain.validation.ReadingValidatorTest" time="0.0"/>
  <testcase name="validateDate throws for future date" classname="com.noniboy.struja.domain.validation.ReadingValidatorTest" time="0.001"/>
  <testcase name="validateReadings throws for negative MT" classname="com.noniboy.struja.domain.validation.ReadingValidatorTest" time="0.001"/>
  <testcase name="validateReadings throws for negative VT" classname="com.noniboy.struja.domain.validation.ReadingValidatorTest" time="0.0"/>
  <testcase name="validateReadings accepts valid readings" classname="com.noniboy.struja.domain.validation.ReadingValidatorTest" time="0.001"/>
  <system-out><![CDATA[]]></system-out>
  <system-err><![CDATA[]]></system-err>
</testsuite>
