<?xml version="1.0" encoding="UTF-8"?>
<testsuite name="com.noniboy.struja.data.backup.BackupModelTest" tests="5" skipped="0" failures="0" errors="0" timestamp="2026-09-11T16:21:18" hostname="MacPro.local" time="0.171">
  <properties/>
  <testcase name="wrong version is rejected" classname="com.noniboy.struja.data.backup.BackupModelTest" time="0.139"/>
  <testcase name="blank meter name is rejected" classname="com.noniboy.struja.data.backup.BackupModelTest" time="0.012"/>
  <testcase name="bad reading date is rejected" classname="com.noniboy.struja.data.backup.BackupModelTest" time="0.01"/>
  <testcase name="round-trip preserves all data" classname="com.noniboy.struja.data.backup.BackupModelTest" time="0.004"/>
  <testcase name="corrupt json is rejected" classname="com.noniboy.struja.data.backup.BackupModelTest" time="0.002"/>
  <system-out><![CDATA[]]></system-out>
  <system-err><![CDATA[]]></system-err>
</testsuite>
